<?xml version="1.0" encoding="UTF-8"?>
<testsuite name="be.ses.AppTest" tests="1" skipped="0" failures="0" errors="0" timestamp="2025-03-20T14:15:37.302Z" hostname="LaptopvanSiebe.telenet.be" time="0.001">
  <properties/>
  <testcase name="appHasAGreeting" classname="be.ses.AppTest" time="0.001"/>
  <system-out><![CDATA[]]></system-out>
  <system-err><![CDATA[]]></system-err>
</testsuite>
